<?xml version="1.0" encoding="UTF-8" ?>
<testsuite tests="44" failures="0" name="org.owasp.validator.html.test.AntiSamyTest" time="4.908" errors="0" skipped="0">
  <properties>
    <property name="java.runtime.name" value="Java(TM) SE Runtime Environment"/>
    <property name="sun.boot.library.path" value="/Library/Java/JavaVirtualMachines/jdk1.8.0_91.jdk/Contents/Home/jre/lib"/>
    <property name="java.vm.version" value="25.91-b14"/>
    <property name="gopherProxySet" value="false"/>
    <property name="java.vm.vendor" value="Oracle Corporation"/>
    <property name="maven.multiModuleProjectDirectory" value="/Users/adabirsiaghi/git/antisamy"/>
    <property name="java.vendor.url" value="http://java.oracle.com/"/>
    <property name="path.separator" value=":"/>
    <property name="guice.disable.misplaced.annotation.check" value="true"/>
    <property name="java.vm.name" value="Java HotSpot(TM) 64-Bit Server VM"/>
    <property name="file.encoding.pkg" value="sun.io"/>
    <property name="user.country" value="US"/>
    <property name="sun.java.launcher" value="SUN_STANDARD"/>
    <property name="sun.os.patch.level" value="unknown"/>
    <property name="java.vm.specification.name" value="Java Virtual Machine Specification"/>
    <property name="user.dir" value="/Users/adabirsiaghi/git/antisamy"/>
    <property name="java.runtime.version" value="1.8.0_91-b14"/>
    <property name="java.awt.graphicsenv" value="sun.awt.CGraphicsEnvironment"/>
    <property name="java.endorsed.dirs" value="/Library/Java/JavaVirtualMachines/jdk1.8.0_91.jdk/Contents/Home/jre/lib/endorsed"/>
    <property name="os.arch" value="x86_64"/>
    <property name="java.io.tmpdir" value="/var/folders/k4/92p6xjv5143gys6jtvqt_k6m0000gn/T/"/>
    <property name="line.separator" value="
"/>
    <property name="java.vm.specification.vendor" value="Oracle Corporation"/>
    <property name="os.name" value="Mac OS X"/>
    <property name="classworlds.conf" value="/Users/adabirsiaghi/Tools/maven3/bin/m2.conf"/>
    <property name="sun.jnu.encoding" value="UTF-8"/>
    <property name="java.library.path" value="/Users/adabirsiaghi/Library/Java/Extensions:/Library/Java/Extensions:/Network/Library/Java/Extensions:/System/Library/Java/Extensions:/usr/lib/java:."/>
    <property name="java.specification.name" value="Java Platform API Specification"/>
    <property name="java.class.version" value="52.0"/>
    <property name="sun.management.compiler" value="HotSpot 64-Bit Tiered Compilers"/>
    <property name="os.version" value="10.11.5"/>
    <property name="http.nonProxyHosts" value="local|*.local|169.254/16|*.169.254/16"/>
    <property name="user.home" value="/Users/adabirsiaghi"/>
    <property name="user.timezone" value="America/New_York"/>
    <property name="java.awt.printerjob" value="sun.lwawt.macosx.CPrinterJob"/>
    <property name="java.specification.version" value="1.8"/>
    <property name="file.encoding" value="UTF-8"/>
    <property name="user.name" value="adabirsiaghi"/>
    <property name="java.class.path" value="/Users/adabirsiaghi/Tools/maven3/boot/plexus-classworlds-2.5.2.jar"/>
    <property name="java.vm.specification.version" value="1.8"/>
    <property name="sun.arch.data.model" value="64"/>
    <property name="java.home" value="/Library/Java/JavaVirtualMachines/jdk1.8.0_91.jdk/Contents/Home/jre"/>
    <property name="sun.java.command" value="org.codehaus.plexus.classworlds.launcher.Launcher clean package"/>
    <property name="java.specification.vendor" value="Oracle Corporation"/>
    <property name="user.language" value="en"/>
    <property name="awt.toolkit" value="sun.lwawt.macosx.LWCToolkit"/>
    <property name="java.vm.info" value="mixed mode"/>
    <property name="java.version" value="1.8.0_91"/>
    <property name="java.ext.dirs" value="/Users/adabirsiaghi/Library/Java/Extensions:/Library/Java/JavaVirtualMachines/jdk1.8.0_91.jdk/Contents/Home/jre/lib/ext:/Library/Java/Extensions:/Network/Library/Java/Extensions:/System/Library/Java/Extensions:/usr/lib/java"/>
    <property name="sun.boot.class.path" value="/Library/Java/JavaVirtualMachines/jdk1.8.0_91.jdk/Contents/Home/jre/lib/resources.jar:/Library/Java/JavaVirtualMachines/jdk1.8.0_91.jdk/Contents/Home/jre/lib/rt.jar:/Library/Java/JavaVirtualMachines/jdk1.8.0_91.jdk/Contents/Home/jre/lib/sunrsasign.jar:/Library/Java/JavaVirtualMachines/jdk1.8.0_91.jdk/Contents/Home/jre/lib/jsse.jar:/Library/Java/JavaVirtualMachines/jdk1.8.0_91.jdk/Contents/Home/jre/lib/jce.jar:/Library/Java/JavaVirtualMachines/jdk1.8.0_91.jdk/Contents/Home/jre/lib/charsets.jar:/Library/Java/JavaVirtualMachines/jdk1.8.0_91.jdk/Contents/Home/jre/lib/jfr.jar:/Library/Java/JavaVirtualMachines/jdk1.8.0_91.jdk/Contents/Home/jre/classes"/>
    <property name="java.vendor" value="Oracle Corporation"/>
    <property name="maven.home" value="/Users/adabirsiaghi/Tools/maven3"/>
    <property name="file.separator" value="/"/>
    <property name="java.vendor.url.bug" value="http://bugreport.sun.com/bugreport/"/>
    <property name="sun.cpu.endian" value="little"/>
    <property name="sun.io.unicode.encoding" value="UnicodeBig"/>
    <property name="socksNonProxyHosts" value="local|*.local|169.254/16|*.169.254/16"/>
    <property name="ftp.nonProxyHosts" value="local|*.local|169.254/16|*.169.254/16"/>
    <property name="sun.cpu.isalist" value=""/>
  </properties>
  <testcase classname="org.owasp.validator.html.test.AntiSamyTest" name="comparePatternSpeed" time="0.034"/>
  <testcase classname="org.owasp.validator.html.test.AntiSamyTest" name="validateParamAsEmbed" time="0.015"/>
  <testcase classname="org.owasp.validator.html.test.AntiSamyTest" name="literalLists" time="0.011"/>
  <testcase classname="org.owasp.validator.html.test.AntiSamyTest" name="nofollowAnchors" time="0.009"/>
  <testcase classname="org.owasp.validator.html.test.AntiSamyTest" name="testXSSInAntiSamy151" time="0.007"/>
  <testcase classname="org.owasp.validator.html.test.AntiSamyTest" name="IllegalXML" time="0.026"/>
  <testcase classname="org.owasp.validator.html.test.AntiSamyTest" name="compareSpeedsShortStrings" time="0.148"/>
  <testcase classname="org.owasp.validator.html.test.AntiSamyTest" name="stackExhaustion" time="0.014"/>
  <testcase classname="org.owasp.validator.html.test.AntiSamyTest" name="profileDom" time="2.489"/>
  <testcase classname="org.owasp.validator.html.test.AntiSamyTest" name="profileSax" time="1.924"/>
  <testcase classname="org.owasp.validator.html.test.AntiSamyTest" name="scriptAttacks" time="0.009"/>
  <testcase classname="org.owasp.validator.html.test.AntiSamyTest" name="testAnotherXSS" time="0.007"/>
  <testcase classname="org.owasp.validator.html.test.AntiSamyTest" name="cssAttacks" time="0.005"/>
  <testcase classname="org.owasp.validator.html.test.AntiSamyTest" name="iframeAsReportedByOndrej" time="0.005"/>
  <testcase classname="org.owasp.validator.html.test.AntiSamyTest" name="SAX" time="0.005"/>
  <testcase classname="org.owasp.validator.html.test.AntiSamyTest" name="testWhitespaceNotBeingMangled" time="0.011"/>
  <testcase classname="org.owasp.validator.html.test.AntiSamyTest" name="issue101InternationalCharacterSupport" time="0.007"/>
  <testcase classname="org.owasp.validator.html.test.AntiSamyTest" name="nestedCdataAttacks" time="0.008"/>
  <testcase classname="org.owasp.validator.html.test.AntiSamyTest" name="isssue31" time="0.005"/>
  <testcase classname="org.owasp.validator.html.test.AntiSamyTest" name="isssue56" time="0.008"/>
  <testcase classname="org.owasp.validator.html.test.AntiSamyTest" name="issue107" time="0.005"/>
  <testcase classname="org.owasp.validator.html.test.AntiSamyTest" name="issue112" time="0.006"/>
  <testcase classname="org.owasp.validator.html.test.AntiSamyTest" name="issue144" time="0.005"/>
  <testcase classname="org.owasp.validator.html.test.AntiSamyTest" name="issue147" time="0.006"/>
  <testcase classname="org.owasp.validator.html.test.AntiSamyTest" name="imgAttacks" time="0.005"/>
  <testcase classname="org.owasp.validator.html.test.AntiSamyTest" name="hrefAttacks" time="0.011"/>
  <testcase classname="org.owasp.validator.html.test.AntiSamyTest" name="CDATAByPass" time="0.007"/>
  <testcase classname="org.owasp.validator.html.test.AntiSamyTest" name="issue12" time="0.005"/>
  <testcase classname="org.owasp.validator.html.test.AntiSamyTest" name="issue20" time="0.011"/>
  <testcase classname="org.owasp.validator.html.test.AntiSamyTest" name="issue25" time="0.008"/>
  <testcase classname="org.owasp.validator.html.test.AntiSamyTest" name="issue28" time="0.004"/>
  <testcase classname="org.owasp.validator.html.test.AntiSamyTest" name="issue29" time="0.005"/>
  <testcase classname="org.owasp.validator.html.test.AntiSamyTest" name="issue30" time="0.004"/>
  <testcase classname="org.owasp.validator.html.test.AntiSamyTest" name="issue32" time="0.006"/>
  <testcase classname="org.owasp.validator.html.test.AntiSamyTest" name="issue37" time="0.02"/>
  <testcase classname="org.owasp.validator.html.test.AntiSamyTest" name="issue38" time="0.008"/>
  <testcase classname="org.owasp.validator.html.test.AntiSamyTest" name="issue40" time="0.006"/>
  <testcase classname="org.owasp.validator.html.test.AntiSamyTest" name="issue41" time="0.007"/>
  <testcase classname="org.owasp.validator.html.test.AntiSamyTest" name="issue44" time="0.006"/>
  <testcase classname="org.owasp.validator.html.test.AntiSamyTest" name="issue51" time="0.004"/>
  <testcase classname="org.owasp.validator.html.test.AntiSamyTest" name="issue58" time="0.005"/>
  <testcase classname="org.owasp.validator.html.test.AntiSamyTest" name="issue61" time="0.005"/>
  <testcase classname="org.owasp.validator.html.test.AntiSamyTest" name="issue69" time="0.005"/>
  <testcase classname="org.owasp.validator.html.test.AntiSamyTest" name="issue75" time="0.007"/>
</testsuite>